<?xml version="1.0" encoding="UTF-8"?>
<testsuite xmlns:xsi="http://www.w3.org/2001/XMLSchema-instance" xsi:noNamespaceSchemaLocation="https://maven.apache.org/surefire/maven-surefire-plugin/xsd/surefire-test-report.xsd" version="3.0.2" name="com.gateflow.tracker.service.DeduplicationServiceTest" time="0.231" tests="9" errors="0" skipped="0" failures="0">
  <properties>
[...]
</properties>
  <testcase name="markProcessed_nullEventId_doesNothing" classname="com.gateflow.tracker.service.DeduplicationServiceTest" time="0.132"/>
  <testcase name="isDuplicate_notInCache_newInRedis_returnsFalse" classname="com.gateflow.tracker.service.DeduplicationServiceTest" time="0.006"/>
  <testcase name="getLocalCacheHitRate_returnsStatsHitRate" classname="com.gateflow.tracker.service.DeduplicationServiceTest" time="0.055"/>
  <testcase name="isDuplicate_foundInLocalCache_returnsTrue" classname="com.gateflow.tracker.service.DeduplicationServiceTest" time="0.003"/>
  <testcase name="isDuplicate_redisException_returnsFalse" classname="com.gateflow.tracker.service.DeduplicationServiceTest" time="0.005">
    <system-out><![CDATA[09:41:55.845 [main] WARN com.gateflow.tracker.service.DeduplicationService -- Redis deduplication check failed for evt_004, treating as non-duplicate: Redis connection failed
]]></system-out>
  </testcase>
  <testcase name="isDuplicate_nullEventId_returnsFalse" classname="com.gateflow.tracker.service.DeduplicationServiceTest" time="0.003"/>
  <testcase name="markProcessed_validEventId_marksInBothCaches" classname="com.gateflow.tracker.service.DeduplicationServiceTest" time="0.003"/>
  <testcase name="isDuplicate_emptyEventId_returnsFalse" classname="com.gateflow.tracker.service.DeduplicationServiceTest" time="0.004"/>
  <testcase name="isDuplicate_notInCache_existsInRedis_returnsTrue" classname="com.gateflow.tracker.service.DeduplicationServiceTest" time="0.009"/>
</testsuite>